0 info it worked if it ends with ok
1 verbose cli [ 'D:\\nodejs\\node.exe',
1 verbose cli   'D:\\nodejs\\node_modules\\npm\\bin\\npm-cli.js',
1 verbose cli   'start' ]
2 info using npm@3.10.10
3 info using node@v6.10.0
4 verbose run-script [ 'prestart', 'start', 'poststart' ]
5 info lifecycle antm-demo@0.1.0~prestart: antm-demo@0.1.0
6 silly lifecycle antm-demo@0.1.0~prestart: no script for prestart, continuing
7 info lifecycle antm-demo@0.1.0~start: antm-demo@0.1.0
8 verbose lifecycle antm-demo@0.1.0~start: unsafe-perm in lifecycle true
9 verbose lifecycle antm-demo@0.1.0~start: PATH: D:\nodejs\node_modules\npm\bin\node-gyp-bin;C:\Users\邱建强\Desktop\暑期敲的代码\React快递查询\node_modules\.bin;C:\ProgramData\Oracle\Java\javapath;C:\Program Files (x86)\Intel\iCLS Client\;C:\Program Files\Intel\iCLS Client\;C:\Windows\system32;C:\Windows;C:\Windows\System32\Wbem;C:\Windows\System32\WindowsPowerShell\v1.0\;C:\Program Files (x86)\Intel\Intel(R) Management Engine Components\DAL;C:\Program Files\Intel\Intel(R) Management Engine Components\DAL;C:\Program Files (x86)\Intel\Intel(R) Management Engine Components\IPT;C:\Program Files\Intel\Intel(R) Management Engine Components\IPT;C:\Program Files (x86)\NVIDIA Corporation\PhysX\Common;C:\WINDOWS\system32;C:\WINDOWS;C:\WINDOWS\System32\Wbem;C:\WINDOWS\System32\WindowsPowerShell\v1.0\;C:\Program Files\Java\jdk1.8.0_101\bin;C:\Program Files\Java\jdk1.8.0_101jre\bin;C:\Python27;C:\Anaconda3;C:\Anaconda3\Scripts;C:\Anaconda3\Library\bin;c:\anaconda3\lib\site-packages\pip-9.0.1-py3.5.egg;C:\Program Files\TortoiseSVN\bin;D:\nodejs;D:\nodejs\;D:\Tomcat\apache-maven-3.2.5\bin;C:\Program Files (x86)\Microsoft SQL Server\100\Tools\Binn\;C:\Program Files\Microsoft SQL Server\100\Tools\Binn\;C:\Program Files\Microsoft SQL Server\100\DTS\Binn\;C:\Program Files (x86)\Microsoft SQL Server\100\Tools\Binn\VSShell\Common7\IDE\;C:\Program Files (x86)\Microsoft Visual Studio 9.0\Common7\IDE\PrivateAssemblies\;C:\Program Files (x86)\Microsoft SQL Server\100\DTS\Binn\;D:\Git\Git\cmd;D:\redis\Redis;D:\BaiduYunDownload\android\sdk\tools;D:\MySQL\MySQLServer5.7\bin;D:\Yarn\bin;D:\nodejs\node_global;D:\360安全浏览器下载\VC6\Microsoft SDK\bin\winnt;D:\360安全浏览器下载\VC6\Microsoft SDK\bin;D:\360安全浏览器下载\VC6\SDK\masm32\bin;D:\360安全浏览器下载\VC6\sdk\stl\stlport\bin;D:\360安全浏览器下载\VC6\Compiler\Intel\Compiler\C++\10.1.021\IA32\Bin;D:\360安全浏览器下载\VC6\Compiler\Intel\Compiler\ISELECT\bin;D:\360安全浏览器下载\VC6\Common\Tools\WinNT;D:\360安全浏览器下载\VC6\Common\MSDev98\Bin;D:\360安全浏览器下载\VC6\Common\Tools;D:\360安全浏览器下载\VC6\VC98\bin;C:\Users\邱建强\AppData\Local\GitHubDesktop\bin;C:\Users\邱建强\AppData\Local\Yarn\bin
10 verbose lifecycle antm-demo@0.1.0~start: CWD: C:\Users\邱建强\Desktop\暑期敲的代码\React快递查询
11 silly lifecycle antm-demo@0.1.0~start: Args: [ '/d /s /c', 'node scripts/start.js' ]
12 verbose stack Error: kill ENOSYS
12 verbose stack     at exports._errnoException (util.js:1022:11)
12 verbose stack     at process.kill (internal/process.js:172:13)
12 verbose stack     at process.listener (D:\nodejs\node_modules\npm\node_modules\npmlog\node_modules\gauge\node_modules\signal-exit\index.js:86:15)
12 verbose stack     at emitNone (events.js:91:20)
12 verbose stack     at process.emit (events.js:185:7)
12 verbose stack     at processEmit (D:\nodejs\node_modules\npm\node_modules\npmlog\node_modules\gauge\node_modules\signal-exit\index.js:146:32)
12 verbose stack     at processEmit (D:\nodejs\node_modules\npm\node_modules\npm-registry-client\node_modules\npmlog\node_modules\gauge\node_modules\signal-exit\index.js:146:32)
12 verbose stack     at Signal.wrap.onsignal (internal/process.js:199:44)
13 verbose cwd C:\Users\邱建强\Desktop\暑期敲的代码\React快递查询
14 error Windows_NT 10.0.14393
15 error argv "D:\\nodejs\\node.exe" "D:\\nodejs\\node_modules\\npm\\bin\\npm-cli.js" "start"
16 error node v6.10.0
17 error npm  v3.10.10
18 error code ENOSYS
19 error errno ENOSYS
20 error syscall kill
21 error kill ENOSYS
22 error If you need help, you may report this error at:
22 error     <https://github.com/npm/npm/issues>
23 verbose exit [ 1, true ]
